[debug] [2025-04-10T15:34:27.283Z] ----------------------------------------------------------------------
[debug] [2025-04-10T15:34:27.319Z] Command:       C:\Program Files\nodejs\node.exe C:\Users\Bristy\AppData\Roaming\npm\node_modules\firebase-tools\lib\bin\firebase.js init
[debug] [2025-04-10T15:34:27.322Z] CLI Version:   13.15.2
[debug] [2025-04-10T15:34:27.324Z] Platform:      win32
[debug] [2025-04-10T15:34:27.325Z] Node Version:  v20.9.0
[debug] [2025-04-10T15:34:27.326Z] Time:          Thu Apr 10 2025 21:34:27 GMT+0600 (Bangladesh Standard Time)
[debug] [2025-04-10T15:34:27.327Z] ----------------------------------------------------------------------
[debug] 
[debug] [2025-04-10T15:34:27.334Z] >>> [apiv2][query] GET https://firebase-public.firebaseio.com/cli.json [none]
[debug] [2025-04-10T15:34:27.482Z] > command requires scopes: ["email","openid","https://www.googleapis.com/auth/cloudplatformprojects.readonly","https://www.googleapis.com/auth/firebase","https://www.googleapis.com/auth/cloud-platform"]
[debug] [2025-04-10T15:34:27.483Z] > authorizing via signed-in user (tahminabristybd@gmail.com)
[info] 
     ######## #### ########  ######## ########     ###     ######  ########
     ##        ##  ##     ## ##       ##     ##  ##   ##  ##       ##
     ######    ##  ########  ######   ########  #########  ######  ######
     ##        ##  ##    ##  ##       ##     ## ##     ##       ## ##
     ##       #### ##     ## ######## ########  ##     ##  ######  ########

You're about to initialize a Firebase project in this directory:

  C:\Projects\car-Doctor

Before we get started, keep in mind:

  * You are currently outside your home directory

[debug] [2025-04-10T15:34:28.284Z] <<< [apiv2][status] GET https://firebase-public.firebaseio.com/cli.json 200
[debug] [2025-04-10T15:34:28.285Z] <<< [apiv2][body] GET https://firebase-public.firebaseio.com/cli.json {"cloudBuildErrorAfter":1594252800000,"cloudBuildWarnAfter":1590019200000,"defaultNode10After":1594252800000,"minVersion":"3.0.5","node8DeploysDisabledAfter":1613390400000,"node8RuntimeDisabledAfter":1615809600000,"node8WarnAfter":1600128000000}
